<?xml version="1.0" encoding="UTF-8"?>
<testsuite name="pl.edu.pjatk.MPR_Spring_32.MprSpring32ApplicationTests" tests="8" skipped="0" failures="0" errors="0" timestamp="2024-11-18T11:18:10" hostname="Laptop-X470" time="0.39">
  <properties/>
  <testcase name="stringUtilsTurnsFirstCapitalRestSmallLettersWordIntoAllCapitalLetters()" classname="pl.edu.pjatk.MPR_Spring_32.MprSpring32ApplicationTests" time="0.297"/>
  <testcase name="stringUtilsTurnsAllSmallLettersWordIntoAllCapitalLettersWord()" classname="pl.edu.pjatk.MPR_Spring_32.MprSpring32ApplicationTests" time="0.003"/>
  <testcase name="stringUtilsTurnsAllCapitalLettersWordIntoAllCapitalLetters()" classname="pl.edu.pjatk.MPR_Spring_32.MprSpring32ApplicationTests" time="0.002"/>
  <testcase name="stringUtilsTurnsAllSmallLettersWordIntoFirstCapitalRestSmallLettersWord()" classname="pl.edu.pjatk.MPR_Spring_32.MprSpring32ApplicationTests" time="0.002"/>
  <testcase name="contextLoads()" classname="pl.edu.pjatk.MPR_Spring_32.MprSpring32ApplicationTests" time="0.021"/>
  <testcase name="stringUtilsTurnsFirstSmallRestCapitalLettersWordIntoFirstCapitalRestSmallLettersWord()" classname="pl.edu.pjatk.MPR_Spring_32.MprSpring32ApplicationTests" time="0.001"/>
  <testcase name="kanjiServiceTurnsLettersToAllCapitalWhenAddingAnObject()" classname="pl.edu.pjatk.MPR_Spring_32.MprSpring32ApplicationTests" time="0.057"/>
  <testcase name="stringUtilsTurnsAllCapitalLettersWordIntoFirstCapitalRestSmallLettersWord()" classname="pl.edu.pjatk.MPR_Spring_32.MprSpring32ApplicationTests" time="0.001"/>
  <system-out><![CDATA[Standard Commons Logging discovery in action with spring-jcl: please remove commons-logging.jar from classpath in order to avoid potential conflicts
12:18:08.362 [Test worker] INFO org.springframework.test.context.support.AnnotationConfigContextLoaderUtils -- Could not detect default configuration classes for test class [pl.edu.pjatk.MPR_Spring_32.MprSpring32ApplicationTests]: MprSpring32ApplicationTests does not declare any static, non-private, non-final, nested classes annotated with @Configuration.
12:18:08.402 [Test worker] INFO org.springframework.boot.test.context.SpringBootTestContextBootstrapper -- Found @SpringBootConfiguration pl.edu.pjatk.MPR_Spring_32.MprSpring32Application for test class pl.edu.pjatk.MPR_Spring_32.MprSpring32ApplicationTests

  .   ____          _            __ _ _
 /\\ / ___'_ __ _ _(_)_ __  __ _ \ \ \ \
( ( )\___ | '_ | '_| | '_ \/ _` | \ \ \ \
 \\/  ___)| |_)| | | | | || (_| |  ) ) ) )
  '  |____| .__|_| |_|_| |_\__, | / / / /
 =========|_|==============|___/=/_/_/_/

 :: Spring Boot ::                (v3.3.4)

2024-11-18T12:18:08.568+01:00  INFO 18287 --- [MPR_Spring_32] [    Test worker] p.e.p.M.MprSpring32ApplicationTests      : Starting MprSpring32ApplicationTests using Java 21.0.2 with PID 18287 (started by piotr in /home/piotr/IdeaProjects/MPR_Spring_32)
2024-11-18T12:18:08.569+01:00  INFO 18287 --- [MPR_Spring_32] [    Test worker] p.e.p.M.MprSpring32ApplicationTests      : No active profile set, falling back to 1 default profile: "default"
2024-11-18T12:18:08.862+01:00  INFO 18287 --- [MPR_Spring_32] [    Test worker] .s.d.r.c.RepositoryConfigurationDelegate : Bootstrapping Spring Data JPA repositories in DEFAULT mode.
2024-11-18T12:18:08.889+01:00  INFO 18287 --- [MPR_Spring_32] [    Test worker] .s.d.r.c.RepositoryConfigurationDelegate : Finished Spring Data repository scanning in 23 ms. Found 1 JPA repository interface.
2024-11-18T12:18:09.086+01:00  INFO 18287 --- [MPR_Spring_32] [    Test worker] com.zaxxer.hikari.HikariDataSource       : HikariPool-1 - Starting...
2024-11-18T12:18:09.164+01:00  INFO 18287 --- [MPR_Spring_32] [    Test worker] com.zaxxer.hikari.pool.HikariPool        : HikariPool-1 - Added connection conn0: url=jdbc:h2:mem:3104dacb-8b4d-4ef7-945d-21b902a2fe15 user=SA
2024-11-18T12:18:09.165+01:00  INFO 18287 --- [MPR_Spring_32] [    Test worker] com.zaxxer.hikari.HikariDataSource       : HikariPool-1 - Start completed.
2024-11-18T12:18:09.192+01:00  INFO 18287 --- [MPR_Spring_32] [    Test worker] o.hibernate.jpa.internal.util.LogHelper  : HHH000204: Processing PersistenceUnitInfo [name: default]
2024-11-18T12:18:09.216+01:00  INFO 18287 --- [MPR_Spring_32] [    Test worker] org.hibernate.Version                    : HHH000412: Hibernate ORM core version 6.5.3.Final
2024-11-18T12:18:09.232+01:00  INFO 18287 --- [MPR_Spring_32] [    Test worker] o.h.c.internal.RegionFactoryInitiator    : HHH000026: Second-level cache disabled
2024-11-18T12:18:09.356+01:00  INFO 18287 --- [MPR_Spring_32] [    Test worker] o.s.o.j.p.SpringPersistenceUnitInfo      : No LoadTimeWeaver setup: ignoring JPA class transformer
2024-11-18T12:18:09.703+01:00  INFO 18287 --- [MPR_Spring_32] [    Test worker] o.h.e.t.j.p.i.JtaPlatformInitiator       : HHH000489: No JTA platform available (set 'hibernate.transaction.jta.platform' to enable JTA platform integration)
2024-11-18T12:18:09.717+01:00  INFO 18287 --- [MPR_Spring_32] [    Test worker] j.LocalContainerEntityManagerFactoryBean : Initialized JPA EntityManagerFactory for persistence unit 'default'
2024-11-18T12:18:09.980+01:00  WARN 18287 --- [MPR_Spring_32] [    Test worker] JpaBaseConfiguration$JpaWebConfiguration : spring.jpa.open-in-view is enabled by default. Therefore, database queries may be performed during view rendering. Explicitly configure spring.jpa.open-in-view to disable this warning
2024-11-18T12:18:10.156+01:00  INFO 18287 --- [MPR_Spring_32] [    Test worker] p.e.p.M.MprSpring32ApplicationTests      : Started MprSpring32ApplicationTests in 1.692 seconds (process running for 2.177)
]]></system-out>
  <system-err><![CDATA[WARNING: A Java agent has been loaded dynamically (/home/piotr/.gradle/caches/modules-2/files-2.1/net.bytebuddy/byte-buddy-agent/1.14.19/154da3a65b4f4a909d3e5bdec55d1b2b4cbb6ce1/byte-buddy-agent-1.14.19.jar)
WARNING: If a serviceability tool is in use, please run with -XX:+EnableDynamicAgentLoading to hide this warning
WARNING: If a serviceability tool is not in use, please run with -Djdk.instrument.traceUsage for more information
WARNING: Dynamic loading of agents will be disallowed by default in a future release
]]></system-err>
</testsuite>
