<?xml version="1.0" encoding="UTF-8"?>
<testsuite name="pl.edu.pjatk.MPR_Spring_32.selenium.AddFormTest" tests="1" skipped="0" failures="0" errors="0" timestamp="2024-12-09T11:21:51" hostname="Laptop-X470" time="2.311">
  <properties/>
  <testcase name="testAddForm()" classname="pl.edu.pjatk.MPR_Spring_32.selenium.AddFormTest" time="2.311"/>
  <system-out><![CDATA[]]></system-out>
  <system-err><![CDATA[]]></system-err>
</testsuite>
